<?xml version="1.0" encoding="UTF-8"?>
<testng-results ignored="0" total="2" passed="2" failed="0" skipped="0">
  <reporter-output>
  </reporter-output>
  <suite started-at="2023-11-02T15:09:48 IST" name="Default suite" finished-at="2023-11-02T15:09:50 IST" duration-ms="2867">
    <groups>
    </groups>
    <test started-at="2023-11-02T15:09:48 IST" name="Default test" finished-at="2023-11-02T15:09:50 IST" duration-ms="2867">
      <class name="ecom.LoginAPI">
        <test-method signature="loginToApp()[pri:1, instance:ecom.LoginAPI@479d31f3]" started-at="2023-11-02T15:09:48 IST" name="loginToApp" finished-at="2023-11-02T15:09:50 IST" duration-ms="2553" status="PASS">
          <reporter-output>
          </reporter-output>
        </test-method> <!-- loginToApp -->
        <test-method signature="addProduct()[pri:2, instance:ecom.LoginAPI@479d31f3]" started-at="2023-11-02T15:09:50 IST" name="addProduct" finished-at="2023-11-02T15:09:50 IST" duration-ms="266" status="PASS">
          <reporter-output>
          </reporter-output>
        </test-method> <!-- addProduct -->
      </class> <!-- ecom.LoginAPI -->
    </test> <!-- Default test -->
  </suite> <!-- Default suite -->
</testng-results>
